0 info it worked if it ends with ok
1 verbose cli [ '/home/nbriz/.nvm/versions/node/v4.4.3/bin/node',
1 verbose cli   '/home/nbriz/.nvm/versions/node/v4.4.3/bin/npm',
1 verbose cli   'start' ]
2 info using npm@2.15.1
3 info using node@v4.4.3
4 verbose stack Error: ENOENT: no such file or directory, open '/home/nbriz/PROJECTS/Internet Art Series/WWWeb-Snorkeler/package.json'
4 verbose stack     at Error (native)
5 verbose cwd /home/nbriz/PROJECTS/Internet Art Series/WWWeb-Snorkeler
6 error Linux 3.13.0-93-generic
7 error argv "/home/nbriz/.nvm/versions/node/v4.4.3/bin/node" "/home/nbriz/.nvm/versions/node/v4.4.3/bin/npm" "start"
8 error node v4.4.3
9 error npm  v2.15.1
10 error path /home/nbriz/PROJECTS/Internet Art Series/WWWeb-Snorkeler/package.json
11 error code ENOENT
12 error errno -2
13 error syscall open
14 error enoent ENOENT: no such file or directory, open '/home/nbriz/PROJECTS/Internet Art Series/WWWeb-Snorkeler/package.json'
14 error enoent This is most likely not a problem with npm itself
14 error enoent and is related to npm not being able to find a file.
15 verbose exit [ -2, true ]
